<?xml version="1.0" encoding="UTF-8"?>
<!-- Generated by org.testng.reporters.JUnitReportReporter -->
<testsuite hostname="yash" failures="0" tests="1" name="com.actitime.testscript.DemoAssertionWithoutIfElse" time="6.860" errors="0" timestamp="2023-04-04T12:17:52 IST" skipped="0">
  <testcase classname="com.actitime.testscript.DemoAssertionWithoutIfElse" name="verifyTitle" time="6.860"/>
  <system-out/>
</testsuite> <!-- com.actitime.testscript.DemoAssertionWithoutIfElse -->
