<?xml version="1.0" encoding="UTF-8"?>
<!-- Generated by org.testng.reporters.JUnitReportReporter -->
<testsuite hostname="yash" failures="0" tests="3" name="com.actitime.testscript.taskModule" time="0.012" errors="0" timestamp="2022-12-27T22:38:26 IST" skipped="0">
  <testcase classname="com.actitime.testscript.taskModule" name="deleteTask" time="0.004"/>
  <system-out>
    <![CDATA[deleteTask]]>
  </system-out>
  <testcase classname="com.actitime.testscript.taskModule" name="createTask" time="0.004"/>
  <system-out>
    <![CDATA[createTask]]>
  </system-out>
  <testcase classname="com.actitime.testscript.taskModule" name="modifyTask" time="0.004"/>
  <system-out>
    <![CDATA[modifyTask]]>
  </system-out>
</testsuite> <!-- com.actitime.testscript.taskModule -->
