<?xml version="1.0" encoding="UTF-8"?>
<!-- Generated by org.testng.reporters.JUnitReportReporter -->
<testsuite hostname="yash" failures="0" tests="4" name="com.actitime.testscript.CustomerModule1" time="0.040" errors="0" timestamp="2023-04-04T13:26:33 IST" skipped="0">
  <testcase classname="com.actitime.testscript.CustomerModule1" name="registerCustomer" time="0.005"/>
  <system-out>
    <![CDATA[registerCustomer]]>
  </system-out>
  <testcase classname="com.actitime.testscript.CustomerModule1" name="deleteCustomer" time="0.021"/>
  <system-out>
    <![CDATA[deleteCustomer]]>
  </system-out>
  <testcase classname="com.actitime.testscript.CustomerModule1" name="editCustomer" time="0.006"/>
  <system-out>
    <![CDATA[editCustomer]]>
  </system-out>
  <testcase classname="com.actitime.testscript.CustomerModule1" name="editCustomer" time="0.008"/>
  <system-out>
    <![CDATA[editCustomer]]>
  </system-out>
</testsuite> <!-- com.actitime.testscript.CustomerModule1 -->
