<?xml version="1.0" encoding="UTF-8"?>
<!-- Generated by org.testng.reporters.JUnitReportReporter -->
<testsuite hostname="yash" failures="0" tests="1" name="com.actitime.testscript.DemoAssertion2" time="6.392" errors="0" timestamp="2023-04-04T13:34:28 IST" skipped="0">
  <testcase classname="com.actitime.testscript.DemoAssertion2" name="verifyTitle" time="6.392"/>
  <system-out/>
</testsuite> <!-- com.actitime.testscript.DemoAssertion2 -->
