<?xml version="1.0" encoding="UTF-8"?>
<!-- Generated by org.testng.reporters.JUnitReportReporter -->
<testsuite hostname="yash" failures="0" tests="1" name="com.actitime.testscript.Demo" time="0.029" errors="0" timestamp="2023-04-04T13:15:40 IST" skipped="0">
  <testcase classname="com.actitime.testscript.Demo" name="testDemo" time="0.029"/>
  <system-out>
    <![CDATA[welcome to testing]]>
  </system-out>
</testsuite> <!-- com.actitime.testscript.Demo -->
