<?xml version="1.0" encoding="UTF-8"?>
<!-- Generated by org.testng.reporters.JUnitReportReporter -->
<testsuite hostname="yash" failures="0" tests="3" name="BatchTesting.SignupTest" time="0.041" errors="0" timestamp="2023-04-04T18:55:02 IST" skipped="0">
  <testcase classname="BatchTesting.SignupTest" name="signupByTwitter" time="0.005"/>
  <system-out>
    <![CDATA[Signup by Twitter]]>
  </system-out>
  <testcase classname="BatchTesting.SignupTest" name="signupByFacebook" time="0.004"/>
  <system-out>
    <![CDATA[Signup By Facebook]]>
  </system-out>
  <testcase classname="BatchTesting.SignupTest" name="signupByEmail" time="0.032"/>
  <system-out>
    <![CDATA[Signup By Email]]>
  </system-out>
</testsuite> <!-- BatchTesting.SignupTest -->
