<?xml version="1.0" encoding="UTF-8"?>
<!-- Generated by org.testng.reporters.JUnitReportReporter -->
<testsuite hostname="yash" failures="0" tests="3" name="com.actitime.testscript.customerModule" time="0.052" errors="0" timestamp="2023-04-04T16:46:22 IST" skipped="0">
  <testcase classname="com.actitime.testscript.customerModule" name="createCustomer" time="0.024"/>
  <system-out>
    <![CDATA[createCustomer]]>
  </system-out>
  <testcase classname="com.actitime.testscript.customerModule" name="modifyCustomer" time="0.018"/>
  <system-out>
    <![CDATA[modifyCustomer]]>
  </system-out>
  <testcase classname="com.actitime.testscript.customerModule" name="deleteCustomer" time="0.010"/>
  <system-out>
    <![CDATA[deleteCustomer]]>
  </system-out>
</testsuite> <!-- com.actitime.testscript.customerModule -->
