<?xml version="1.0" encoding="UTF-8"?>
<!-- Generated by org.testng.reporters.JUnitReportReporter -->
<testsuite hostname="yash" failures="0" tests="1" name="qsp.Assertion" time="6.752" errors="0" timestamp="2023-02-20T23:01:52 IST" skipped="0">
  <testcase classname="qsp.Assertion" name="verifyTitle" time="6.752"/>
  <system-out/>
</testsuite> <!-- qsp.Assertion -->
