<?xml version="1.0" encoding="UTF-8"?>
<!-- Generated by org.testng.reporters.JUnitReportReporter -->
<testsuite hostname="yash" failures="0" tests="2" name="com.actitime.testscript.CustomerModuleAnnotation" time="0.037" errors="0" timestamp="2023-04-04T12:38:33 IST" skipped="0">
  <testcase classname="com.actitime.testscript.CustomerModuleAnnotation" name="createCustomer" time="0.020"/>
  <system-out>
    <![CDATA[createCustomer]]>
  </system-out>
  <testcase classname="com.actitime.testscript.CustomerModuleAnnotation" name="deleteCustomer" time="0.017"/>
  <system-out>
    <![CDATA[deleteCustomer]]>
  </system-out>
</testsuite> <!-- com.actitime.testscript.CustomerModuleAnnotation -->
