<?xml version="1.0" encoding="UTF-8"?>
<!-- Generated by org.testng.reporters.JUnitReportReporter -->
<testsuite hostname="yash" failures="0" tests="2" name="BatchTesting.PaymentTest" time="0.028" errors="0" timestamp="2023-04-04T18:43:07 IST" skipped="0">
  <testcase classname="BatchTesting.PaymentTest" name="paymentInRupees" time="0.003"/>
  <system-out>
    <![CDATA[payment in rupees]]>
  </system-out>
  <testcase classname="BatchTesting.PaymentTest" name="paymentInDollar" time="0.025"/>
  <system-out>
    <![CDATA[payment in dollar]]>
  </system-out>
</testsuite> <!-- BatchTesting.PaymentTest -->
