<?xml version="1.0" encoding="UTF-8"?>
<!-- Generated by org.testng.reporters.JUnitReportReporter -->
<testsuite hostname="yash" failures="0" tests="2" name="com.actitime.testscript.DemoDataProvider" time="0.031" errors="0" timestamp="2023-02-02T10:23:13 IST" skipped="0">
  <testcase classname="com.actitime.testscript.DemoDataProvider" name="testInvalidLogin" time="0.026"/>
  <system-out/>
  <testcase classname="com.actitime.testscript.DemoDataProvider" name="testInvalidLogin" time="0.005"/>
  <system-out/>
</testsuite> <!-- com.actitime.testscript.DemoDataProvider -->
