<?xml version="1.0" encoding="UTF-8"?>
<!-- Generated by org.testng.reporters.JUnitReportReporter -->
<testsuite hostname="yash" failures="0" tests="3" name="BatchTesting.LoginTest" time="0.047" errors="0" timestamp="2023-04-04T18:36:32 IST" skipped="0">
  <testcase classname="BatchTesting.LoginTest" name="loginByTwitter" time="0.009"/>
  <system-out>
    <![CDATA[this is login by twitter ]]>
  </system-out>
  <testcase classname="BatchTesting.LoginTest" name="loginByEmail" time="0.028"/>
  <system-out>
    <![CDATA[this is login by email]]>
  </system-out>
  <testcase classname="BatchTesting.LoginTest" name="loginByfacebook" time="0.010"/>
  <system-out>
    <![CDATA[this is login by facebook]]>
  </system-out>
</testsuite> <!-- BatchTesting.LoginTest -->
