<?xml version="1.0" encoding="UTF-8"?>
<!-- Generated by org.testng.reporters.JUnitReportReporter -->
<testsuite hostname="yash" failures="0" tests="1" name="com.actitime.testscript.DemoAssertion" time="9.982" errors="0" timestamp="2023-04-04T12:16:49 IST" skipped="0">
  <testcase classname="com.actitime.testscript.DemoAssertion" name="verifyTitle" time="9.982"/>
  <system-out>
    <![CDATA[Title is not matching and fail]]>
  </system-out>
</testsuite> <!-- com.actitime.testscript.DemoAssertion -->
