<?xml version="1.0" encoding="UTF-8"?>
<!-- Generated by org.testng.reporters.JUnitReportReporter -->
<testsuite hostname="yash" failures="0" tests="1" name="com.actitime.testscript.BaseClassAutomate" time="18.427" errors="0" timestamp="2022-12-26T23:28:03 IST" skipped="0">
  <testcase classname="com.actitime.testscript.BaseClassAutomate" name="verifyBaseClass2" time="18.427"/>
  <system-out>
    <![CDATA[createCustomer]]>
  </system-out>
</testsuite> <!-- com.actitime.testscript.BaseClassAutomate -->
