<?xml version="1.0" encoding="UTF-8"?>
<!-- Generated by org.testng.reporters.JUnitReportReporter -->
<testsuite hostname="yash" failures="0" tests="3" name="com.actitime.testscript.projectModule" time="0.079" errors="0" timestamp="2023-04-04T16:48:47 IST" skipped="0">
  <testcase classname="com.actitime.testscript.projectModule" name="deleteProject" time="0.018"/>
  <system-out>
    <![CDATA[deleteProject]]>
  </system-out>
  <testcase classname="com.actitime.testscript.projectModule" name="createProject" time="0.038"/>
  <system-out>
    <![CDATA[createProject]]>
  </system-out>
  <testcase classname="com.actitime.testscript.projectModule" name="modifyProject" time="0.023"/>
  <system-out>
    <![CDATA[modifyProject]]>
  </system-out>
</testsuite> <!-- com.actitime.testscript.projectModule -->
