<?xml version="1.0" encoding="UTF-8"?>
<!-- Generated by org.testng.reporters.JUnitReportReporter -->
<testsuite hostname="yash" failures="0" tests="1" name="com.actitime.testscript.BaseClassEx" time="18.329" errors="0" timestamp="2022-12-26T23:20:54 IST" skipped="0">
  <testcase classname="com.actitime.testscript.BaseClassEx" name="verifyBaseClass3" time="18.329"/>
  <system-out>
    <![CDATA[createCustomer]]>
  </system-out>
</testsuite> <!-- com.actitime.testscript.BaseClassEx -->
