<?xml version="1.0" encoding="UTF-8"?>
<!-- Generated by org.testng.reporters.JUnitReportReporter -->
<testsuite hostname="yash" failures="0" tests="1" name="com.actitime.testscript.ScreenShot" time="7.206" errors="0" timestamp="2023-04-04T16:49:50 IST" skipped="0">
  <testcase classname="com.actitime.testscript.ScreenShot" name="VerifyScreenShot" time="7.206"/>
  <system-out/>
</testsuite> <!-- com.actitime.testscript.ScreenShot -->
