<?xml version="1.0" encoding="UTF-8"?>
<!-- Generated by org.testng.reporters.JUnitReportReporter -->
<testsuite hostname="yash" failures="0" tests="1" name="com.actitime.testscript.BaseClassProperty" time="16.483" errors="0" timestamp="2023-04-04T16:45:25 IST" skipped="0">
  <testcase classname="com.actitime.testscript.BaseClassProperty" name="verifyBaseClass3" time="16.483"/>
  <system-out>
    <![CDATA[createCustomer]]>
  </system-out>
</testsuite> <!-- com.actitime.testscript.BaseClassProperty -->
