<?xml version="1.0" encoding="UTF-8"?>
<!-- Generated by org.testng.reporters.JUnitReportReporter -->
<testsuite hostname="yash" failures="0" tests="3" name="com.actitime.testscript.LoginTest" time="0.032" errors="0" timestamp="2023-04-04T17:24:50 IST" skipped="0">
  <testcase classname="com.actitime.testscript.LoginTest" name="loginByTwitter" time="0.004"/>
  <system-out>
    <![CDATA[this is login by twitter ]]>
  </system-out>
  <testcase classname="com.actitime.testscript.LoginTest" name="loginByEmail" time="0.025"/>
  <system-out>
    <![CDATA[this is login by email]]>
  </system-out>
  <testcase classname="com.actitime.testscript.LoginTest" name="loginByfacebook" time="0.003"/>
  <system-out>
    <![CDATA[this is login by facebook]]>
  </system-out>
</testsuite> <!-- com.actitime.testscript.LoginTest -->
