<?xml version="1.0" encoding="UTF-8"?>
<!-- Generated by org.testng.reporters.JUnitReportReporter -->
<testsuite hostname="yash" failures="0" tests="1" name="BatchTesting.PaymentReturn" time="0.025" errors="0" timestamp="2023-04-04T18:39:24 IST" skipped="0">
  <testcase classname="BatchTesting.PaymentReturn" name="paymentReturnByBank" time="0.025"/>
  <system-out>
    <![CDATA[payment return by bank]]>
  </system-out>
</testsuite> <!-- BatchTesting.PaymentReturn -->
